2015.08.14 21:25 B F:\Post-Secondary School\Centennial College\Summer 2015\COMP 213\FP_PhilipLaxamana300711308\Final Project\obj\Debug\DesignTimeResolveAssemblyReferencesInput.cache --> studentweb.cencol.ca /plaxaman/Final Project/obj/Debug DesignTimeResolveAssemblyReferencesInput.cache
2015.08.14 21:25 B F:\Post-Secondary School\Centennial College\Summer 2015\COMP 213\FP_PhilipLaxamana300711308\Final Project\obj\Debug\Final Project.csproj.FileListAbsolute.txt --> studentweb.cencol.ca /plaxaman/Final Project/obj/Debug Final Project.csproj.FileListAbsolute.txt
2015.08.14 21:25 B F:\Post-Secondary School\Centennial College\Summer 2015\COMP 213\FP_PhilipLaxamana300711308\Final Project\obj\Debug\Final Project.csprojResolveAssemblyReference.cache --> studentweb.cencol.ca /plaxaman/Final Project/obj/Debug Final Project.csprojResolveAssemblyReference.cache
2015.08.14 21:25 B F:\Post-Secondary School\Centennial College\Summer 2015\COMP 213\FP_PhilipLaxamana300711308\Final Project\obj\Debug\Final Project.dll --> studentweb.cencol.ca /plaxaman/Final Project/obj/Debug Final Project.dll
2015.08.14 21:25 B F:\Post-Secondary School\Centennial College\Summer 2015\COMP 213\FP_PhilipLaxamana300711308\Final Project\obj\Debug\Final Project.pdb --> studentweb.cencol.ca /plaxaman/Final Project/obj/Debug Final Project.pdb
2015.08.14 21:25 B F:\Post-Secondary School\Centennial College\Summer 2015\COMP 213\FP_PhilipLaxamana300711308\Final Project\obj\Debug\TemporaryGeneratedFile_036C0B5B-1481-4323-8D20-8F5ADCB23D92.cs --> studentweb.cencol.ca /plaxaman/Final Project/obj/Debug TemporaryGeneratedFile_036C0B5B-1481-4323-8D20-8F5ADCB23D92.cs
2015.08.14 21:25 B F:\Post-Secondary School\Centennial College\Summer 2015\COMP 213\FP_PhilipLaxamana300711308\Final Project\obj\Debug\TemporaryGeneratedFile_5937a670-0e60-4077-877b-f7221da3dda1.cs --> studentweb.cencol.ca /plaxaman/Final Project/obj/Debug TemporaryGeneratedFile_5937a670-0e60-4077-877b-f7221da3dda1.cs
2015.08.14 21:25 B F:\Post-Secondary School\Centennial College\Summer 2015\COMP 213\FP_PhilipLaxamana300711308\Final Project\obj\Debug\TemporaryGeneratedFile_E7A71F73-0F8D-4B9B-B56E-8E70B10BC5D3.cs --> studentweb.cencol.ca /plaxaman/Final Project/obj/Debug TemporaryGeneratedFile_E7A71F73-0F8D-4B9B-B56E-8E70B10BC5D3.cs
2015.08.14 23:59 B F:\Post-Secondary School\Centennial College\Summer 2015\COMP 213\FP_PhilipLaxamana300711308\Final Project\obj\Debug\DesignTimeResolveAssemblyReferencesInput.cache --> studentweb.cencol.ca /plaxaman/FP_PhilipLaxamana300711308/Final Project/obj/Debug DesignTimeResolveAssemblyReferencesInput.cache
2015.08.14 23:59 B F:\Post-Secondary School\Centennial College\Summer 2015\COMP 213\FP_PhilipLaxamana300711308\Final Project\obj\Debug\Final Project.csproj.FileListAbsolute.txt --> studentweb.cencol.ca /plaxaman/FP_PhilipLaxamana300711308/Final Project/obj/Debug Final Project.csproj.FileListAbsolute.txt
2015.08.14 23:59 B F:\Post-Secondary School\Centennial College\Summer 2015\COMP 213\FP_PhilipLaxamana300711308\Final Project\obj\Debug\Final Project.csprojResolveAssemblyReference.cache --> studentweb.cencol.ca /plaxaman/FP_PhilipLaxamana300711308/Final Project/obj/Debug Final Project.csprojResolveAssemblyReference.cache
2015.08.14 23:59 B F:\Post-Secondary School\Centennial College\Summer 2015\COMP 213\FP_PhilipLaxamana300711308\Final Project\obj\Debug\Final Project.dll --> studentweb.cencol.ca /plaxaman/FP_PhilipLaxamana300711308/Final Project/obj/Debug Final Project.dll
2015.08.14 23:59 B F:\Post-Secondary School\Centennial College\Summer 2015\COMP 213\FP_PhilipLaxamana300711308\Final Project\obj\Debug\Final Project.pdb --> studentweb.cencol.ca /plaxaman/FP_PhilipLaxamana300711308/Final Project/obj/Debug Final Project.pdb
2015.08.14 23:59 B F:\Post-Secondary School\Centennial College\Summer 2015\COMP 213\FP_PhilipLaxamana300711308\Final Project\obj\Debug\TemporaryGeneratedFile_036C0B5B-1481-4323-8D20-8F5ADCB23D92.cs --> studentweb.cencol.ca /plaxaman/FP_PhilipLaxamana300711308/Final Project/obj/Debug TemporaryGeneratedFile_036C0B5B-1481-4323-8D20-8F5ADCB23D92.cs
2015.08.14 23:59 B F:\Post-Secondary School\Centennial College\Summer 2015\COMP 213\FP_PhilipLaxamana300711308\Final Project\obj\Debug\TemporaryGeneratedFile_5937a670-0e60-4077-877b-f7221da3dda1.cs --> studentweb.cencol.ca /plaxaman/FP_PhilipLaxamana300711308/Final Project/obj/Debug TemporaryGeneratedFile_5937a670-0e60-4077-877b-f7221da3dda1.cs
2015.08.14 23:59 B F:\Post-Secondary School\Centennial College\Summer 2015\COMP 213\FP_PhilipLaxamana300711308\Final Project\obj\Debug\TemporaryGeneratedFile_E7A71F73-0F8D-4B9B-B56E-8E70B10BC5D3.cs --> studentweb.cencol.ca /plaxaman/FP_PhilipLaxamana300711308/Final Project/obj/Debug TemporaryGeneratedFile_E7A71F73-0F8D-4B9B-B56E-8E70B10BC5D3.cs
2015.08.14 23:59 B F:\Post-Secondary School\Centennial College\Summer 2015\COMP 213\FP_PhilipLaxamana300711308\Final Project\obj\Debug\WS_FTP.LOG --> studentweb.cencol.ca /plaxaman/FP_PhilipLaxamana300711308/Final Project/obj/Debug WS_FTP.LOG
2015.08.15 18:07 B I:\Post-Secondary School\Centennial College\Summer 2015\COMP 213\FP_PhilipLaxamana300711308\Final Project\obj\Debug\DesignTimeResolveAssemblyReferencesInput.cache --> studentweb.cencol.ca /plaxaman/FP_PhilipLaxamana300711308/Final Project/obj/Debug DesignTimeResolveAssemblyReferencesInput.cache
2015.08.15 18:07 B I:\Post-Secondary School\Centennial College\Summer 2015\COMP 213\FP_PhilipLaxamana300711308\Final Project\obj\Debug\Final Project.csproj.FileListAbsolute.txt --> studentweb.cencol.ca /plaxaman/FP_PhilipLaxamana300711308/Final Project/obj/Debug Final Project.csproj.FileListAbsolute.txt
2015.08.15 18:07 B I:\Post-Secondary School\Centennial College\Summer 2015\COMP 213\FP_PhilipLaxamana300711308\Final Project\obj\Debug\Final Project.dll --> studentweb.cencol.ca /plaxaman/FP_PhilipLaxamana300711308/Final Project/obj/Debug Final Project.dll
2015.08.15 18:07 B I:\Post-Secondary School\Centennial College\Summer 2015\COMP 213\FP_PhilipLaxamana300711308\Final Project\obj\Debug\Final Project.pdb --> studentweb.cencol.ca /plaxaman/FP_PhilipLaxamana300711308/Final Project/obj/Debug Final Project.pdb
2015.08.15 23:55 B I:\Post-Secondary School\Centennial College\Summer 2015\COMP 213\FP_PhilipLaxamana300711308\Final Project\obj\Debug\DesignTimeResolveAssemblyReferencesInput.cache --> studentweb.cencol.ca /plaxaman/FP_PhilipLaxamana300711308/Final Project/obj/Debug DesignTimeResolveAssemblyReferencesInput.cache
2015.08.15 23:55 B I:\Post-Secondary School\Centennial College\Summer 2015\COMP 213\FP_PhilipLaxamana300711308\Final Project\obj\Debug\Final Project.dll --> studentweb.cencol.ca /plaxaman/FP_PhilipLaxamana300711308/Final Project/obj/Debug Final Project.dll
2015.08.15 23:55 B I:\Post-Secondary School\Centennial College\Summer 2015\COMP 213\FP_PhilipLaxamana300711308\Final Project\obj\Debug\Final Project.pdb --> studentweb.cencol.ca /plaxaman/FP_PhilipLaxamana300711308/Final Project/obj/Debug Final Project.pdb
2015.08.15 23:55 B I:\Post-Secondary School\Centennial College\Summer 2015\COMP 213\FP_PhilipLaxamana300711308\Final Project\obj\Debug\WS_FTP.LOG --> studentweb.cencol.ca /plaxaman/FP_PhilipLaxamana300711308/Final Project/obj/Debug WS_FTP.LOG
