2015.08.14 21:25 B F:\Post-Secondary School\Centennial College\Summer 2015\COMP 213\FP_PhilipLaxamana300711308\Final Project\less\animated.less --> studentweb.cencol.ca /plaxaman/Final Project/less animated.less
2015.08.14 21:25 B F:\Post-Secondary School\Centennial College\Summer 2015\COMP 213\FP_PhilipLaxamana300711308\Final Project\less\bordered-pulled.less --> studentweb.cencol.ca /plaxaman/Final Project/less bordered-pulled.less
2015.08.14 21:25 B F:\Post-Secondary School\Centennial College\Summer 2015\COMP 213\FP_PhilipLaxamana300711308\Final Project\less\core.less --> studentweb.cencol.ca /plaxaman/Final Project/less core.less
2015.08.14 21:25 B F:\Post-Secondary School\Centennial College\Summer 2015\COMP 213\FP_PhilipLaxamana300711308\Final Project\less\fixed-width.less --> studentweb.cencol.ca /plaxaman/Final Project/less fixed-width.less
2015.08.14 21:25 B F:\Post-Secondary School\Centennial College\Summer 2015\COMP 213\FP_PhilipLaxamana300711308\Final Project\less\font-awesome.less --> studentweb.cencol.ca /plaxaman/Final Project/less font-awesome.less
2015.08.14 21:25 B F:\Post-Secondary School\Centennial College\Summer 2015\COMP 213\FP_PhilipLaxamana300711308\Final Project\less\icons.less --> studentweb.cencol.ca /plaxaman/Final Project/less icons.less
2015.08.14 21:25 B F:\Post-Secondary School\Centennial College\Summer 2015\COMP 213\FP_PhilipLaxamana300711308\Final Project\less\larger.less --> studentweb.cencol.ca /plaxaman/Final Project/less larger.less
2015.08.14 21:25 B F:\Post-Secondary School\Centennial College\Summer 2015\COMP 213\FP_PhilipLaxamana300711308\Final Project\less\list.less --> studentweb.cencol.ca /plaxaman/Final Project/less list.less
2015.08.14 21:25 B F:\Post-Secondary School\Centennial College\Summer 2015\COMP 213\FP_PhilipLaxamana300711308\Final Project\less\mixins.less --> studentweb.cencol.ca /plaxaman/Final Project/less mixins.less
2015.08.14 21:25 B F:\Post-Secondary School\Centennial College\Summer 2015\COMP 213\FP_PhilipLaxamana300711308\Final Project\less\path.less --> studentweb.cencol.ca /plaxaman/Final Project/less path.less
2015.08.14 21:25 B F:\Post-Secondary School\Centennial College\Summer 2015\COMP 213\FP_PhilipLaxamana300711308\Final Project\less\rotated-flipped.less --> studentweb.cencol.ca /plaxaman/Final Project/less rotated-flipped.less
2015.08.14 21:25 B F:\Post-Secondary School\Centennial College\Summer 2015\COMP 213\FP_PhilipLaxamana300711308\Final Project\less\stacked.less --> studentweb.cencol.ca /plaxaman/Final Project/less stacked.less
2015.08.14 21:25 B F:\Post-Secondary School\Centennial College\Summer 2015\COMP 213\FP_PhilipLaxamana300711308\Final Project\less\variables.less --> studentweb.cencol.ca /plaxaman/Final Project/less variables.less
2015.08.14 23:59 B F:\Post-Secondary School\Centennial College\Summer 2015\COMP 213\FP_PhilipLaxamana300711308\Final Project\less\animated.less --> studentweb.cencol.ca /plaxaman/FP_PhilipLaxamana300711308/Final Project/less animated.less
2015.08.14 23:59 B F:\Post-Secondary School\Centennial College\Summer 2015\COMP 213\FP_PhilipLaxamana300711308\Final Project\less\bordered-pulled.less --> studentweb.cencol.ca /plaxaman/FP_PhilipLaxamana300711308/Final Project/less bordered-pulled.less
2015.08.14 23:59 B F:\Post-Secondary School\Centennial College\Summer 2015\COMP 213\FP_PhilipLaxamana300711308\Final Project\less\core.less --> studentweb.cencol.ca /plaxaman/FP_PhilipLaxamana300711308/Final Project/less core.less
2015.08.14 23:59 B F:\Post-Secondary School\Centennial College\Summer 2015\COMP 213\FP_PhilipLaxamana300711308\Final Project\less\fixed-width.less --> studentweb.cencol.ca /plaxaman/FP_PhilipLaxamana300711308/Final Project/less fixed-width.less
2015.08.14 23:59 B F:\Post-Secondary School\Centennial College\Summer 2015\COMP 213\FP_PhilipLaxamana300711308\Final Project\less\font-awesome.less --> studentweb.cencol.ca /plaxaman/FP_PhilipLaxamana300711308/Final Project/less font-awesome.less
2015.08.14 23:59 B F:\Post-Secondary School\Centennial College\Summer 2015\COMP 213\FP_PhilipLaxamana300711308\Final Project\less\icons.less --> studentweb.cencol.ca /plaxaman/FP_PhilipLaxamana300711308/Final Project/less icons.less
2015.08.14 23:59 B F:\Post-Secondary School\Centennial College\Summer 2015\COMP 213\FP_PhilipLaxamana300711308\Final Project\less\larger.less --> studentweb.cencol.ca /plaxaman/FP_PhilipLaxamana300711308/Final Project/less larger.less
2015.08.14 23:59 B F:\Post-Secondary School\Centennial College\Summer 2015\COMP 213\FP_PhilipLaxamana300711308\Final Project\less\list.less --> studentweb.cencol.ca /plaxaman/FP_PhilipLaxamana300711308/Final Project/less list.less
2015.08.14 23:59 B F:\Post-Secondary School\Centennial College\Summer 2015\COMP 213\FP_PhilipLaxamana300711308\Final Project\less\mixins.less --> studentweb.cencol.ca /plaxaman/FP_PhilipLaxamana300711308/Final Project/less mixins.less
2015.08.14 23:59 B F:\Post-Secondary School\Centennial College\Summer 2015\COMP 213\FP_PhilipLaxamana300711308\Final Project\less\path.less --> studentweb.cencol.ca /plaxaman/FP_PhilipLaxamana300711308/Final Project/less path.less
2015.08.14 23:59 B F:\Post-Secondary School\Centennial College\Summer 2015\COMP 213\FP_PhilipLaxamana300711308\Final Project\less\rotated-flipped.less --> studentweb.cencol.ca /plaxaman/FP_PhilipLaxamana300711308/Final Project/less rotated-flipped.less
2015.08.14 23:59 B F:\Post-Secondary School\Centennial College\Summer 2015\COMP 213\FP_PhilipLaxamana300711308\Final Project\less\stacked.less --> studentweb.cencol.ca /plaxaman/FP_PhilipLaxamana300711308/Final Project/less stacked.less
2015.08.14 23:59 B F:\Post-Secondary School\Centennial College\Summer 2015\COMP 213\FP_PhilipLaxamana300711308\Final Project\less\variables.less --> studentweb.cencol.ca /plaxaman/FP_PhilipLaxamana300711308/Final Project/less variables.less
2015.08.14 23:59 B F:\Post-Secondary School\Centennial College\Summer 2015\COMP 213\FP_PhilipLaxamana300711308\Final Project\less\WS_FTP.LOG --> studentweb.cencol.ca /plaxaman/FP_PhilipLaxamana300711308/Final Project/less WS_FTP.LOG
2015.08.15 00:26 B F:\Post-Secondary School\Centennial College\Summer 2015\COMP 213\FP_PhilipLaxamana300711308\Final Project\less\WS_FTP.LOG --> studentweb.cencol.ca /plaxaman/FP_PhilipLaxamana300711308/Final Project/less WS_FTP.LOG
2015.08.15 18:07 B I:\Post-Secondary School\Centennial College\Summer 2015\COMP 213\FP_PhilipLaxamana300711308\Final Project\less\WS_FTP.LOG --> studentweb.cencol.ca /plaxaman/FP_PhilipLaxamana300711308/Final Project/less WS_FTP.LOG
2015.08.15 23:55 B I:\Post-Secondary School\Centennial College\Summer 2015\COMP 213\FP_PhilipLaxamana300711308\Final Project\less\WS_FTP.LOG --> studentweb.cencol.ca /plaxaman/FP_PhilipLaxamana300711308/Final Project/less WS_FTP.LOG
