2015.08.14 21:25 B F:\Post-Secondary School\Centennial College\Summer 2015\COMP 213\FP_PhilipLaxamana300711308\Final Project\scss\_animated.scss --> studentweb.cencol.ca /plaxaman/Final Project/scss _animated.scss
2015.08.14 21:25 B F:\Post-Secondary School\Centennial College\Summer 2015\COMP 213\FP_PhilipLaxamana300711308\Final Project\scss\_bordered-pulled.scss --> studentweb.cencol.ca /plaxaman/Final Project/scss _bordered-pulled.scss
2015.08.14 21:25 B F:\Post-Secondary School\Centennial College\Summer 2015\COMP 213\FP_PhilipLaxamana300711308\Final Project\scss\_core.scss --> studentweb.cencol.ca /plaxaman/Final Project/scss _core.scss
2015.08.14 21:25 B F:\Post-Secondary School\Centennial College\Summer 2015\COMP 213\FP_PhilipLaxamana300711308\Final Project\scss\_fixed-width.scss --> studentweb.cencol.ca /plaxaman/Final Project/scss _fixed-width.scss
2015.08.14 21:25 B F:\Post-Secondary School\Centennial College\Summer 2015\COMP 213\FP_PhilipLaxamana300711308\Final Project\scss\_icons.scss --> studentweb.cencol.ca /plaxaman/Final Project/scss _icons.scss
2015.08.14 21:25 B F:\Post-Secondary School\Centennial College\Summer 2015\COMP 213\FP_PhilipLaxamana300711308\Final Project\scss\_larger.scss --> studentweb.cencol.ca /plaxaman/Final Project/scss _larger.scss
2015.08.14 21:25 B F:\Post-Secondary School\Centennial College\Summer 2015\COMP 213\FP_PhilipLaxamana300711308\Final Project\scss\_list.scss --> studentweb.cencol.ca /plaxaman/Final Project/scss _list.scss
2015.08.14 21:25 B F:\Post-Secondary School\Centennial College\Summer 2015\COMP 213\FP_PhilipLaxamana300711308\Final Project\scss\_mixins.scss --> studentweb.cencol.ca /plaxaman/Final Project/scss _mixins.scss
2015.08.14 21:25 B F:\Post-Secondary School\Centennial College\Summer 2015\COMP 213\FP_PhilipLaxamana300711308\Final Project\scss\_path.scss --> studentweb.cencol.ca /plaxaman/Final Project/scss _path.scss
2015.08.14 21:25 B F:\Post-Secondary School\Centennial College\Summer 2015\COMP 213\FP_PhilipLaxamana300711308\Final Project\scss\_rotated-flipped.scss --> studentweb.cencol.ca /plaxaman/Final Project/scss _rotated-flipped.scss
2015.08.14 21:25 B F:\Post-Secondary School\Centennial College\Summer 2015\COMP 213\FP_PhilipLaxamana300711308\Final Project\scss\_stacked.scss --> studentweb.cencol.ca /plaxaman/Final Project/scss _stacked.scss
2015.08.14 21:25 B F:\Post-Secondary School\Centennial College\Summer 2015\COMP 213\FP_PhilipLaxamana300711308\Final Project\scss\_variables.scss --> studentweb.cencol.ca /plaxaman/Final Project/scss _variables.scss
2015.08.14 21:25 B F:\Post-Secondary School\Centennial College\Summer 2015\COMP 213\FP_PhilipLaxamana300711308\Final Project\scss\font-awesome.scss --> studentweb.cencol.ca /plaxaman/Final Project/scss font-awesome.scss
2015.08.15 00:00 B F:\Post-Secondary School\Centennial College\Summer 2015\COMP 213\FP_PhilipLaxamana300711308\Final Project\scss\_animated.scss --> studentweb.cencol.ca /plaxaman/FP_PhilipLaxamana300711308/Final Project/scss _animated.scss
2015.08.15 00:00 B F:\Post-Secondary School\Centennial College\Summer 2015\COMP 213\FP_PhilipLaxamana300711308\Final Project\scss\_bordered-pulled.scss --> studentweb.cencol.ca /plaxaman/FP_PhilipLaxamana300711308/Final Project/scss _bordered-pulled.scss
2015.08.15 00:00 B F:\Post-Secondary School\Centennial College\Summer 2015\COMP 213\FP_PhilipLaxamana300711308\Final Project\scss\_core.scss --> studentweb.cencol.ca /plaxaman/FP_PhilipLaxamana300711308/Final Project/scss _core.scss
2015.08.15 00:00 B F:\Post-Secondary School\Centennial College\Summer 2015\COMP 213\FP_PhilipLaxamana300711308\Final Project\scss\_fixed-width.scss --> studentweb.cencol.ca /plaxaman/FP_PhilipLaxamana300711308/Final Project/scss _fixed-width.scss
2015.08.15 00:00 B F:\Post-Secondary School\Centennial College\Summer 2015\COMP 213\FP_PhilipLaxamana300711308\Final Project\scss\_icons.scss --> studentweb.cencol.ca /plaxaman/FP_PhilipLaxamana300711308/Final Project/scss _icons.scss
2015.08.15 00:00 B F:\Post-Secondary School\Centennial College\Summer 2015\COMP 213\FP_PhilipLaxamana300711308\Final Project\scss\_larger.scss --> studentweb.cencol.ca /plaxaman/FP_PhilipLaxamana300711308/Final Project/scss _larger.scss
2015.08.15 00:00 B F:\Post-Secondary School\Centennial College\Summer 2015\COMP 213\FP_PhilipLaxamana300711308\Final Project\scss\_list.scss --> studentweb.cencol.ca /plaxaman/FP_PhilipLaxamana300711308/Final Project/scss _list.scss
2015.08.15 00:00 B F:\Post-Secondary School\Centennial College\Summer 2015\COMP 213\FP_PhilipLaxamana300711308\Final Project\scss\_mixins.scss --> studentweb.cencol.ca /plaxaman/FP_PhilipLaxamana300711308/Final Project/scss _mixins.scss
2015.08.15 00:00 B F:\Post-Secondary School\Centennial College\Summer 2015\COMP 213\FP_PhilipLaxamana300711308\Final Project\scss\_path.scss --> studentweb.cencol.ca /plaxaman/FP_PhilipLaxamana300711308/Final Project/scss _path.scss
2015.08.15 00:00 B F:\Post-Secondary School\Centennial College\Summer 2015\COMP 213\FP_PhilipLaxamana300711308\Final Project\scss\_rotated-flipped.scss --> studentweb.cencol.ca /plaxaman/FP_PhilipLaxamana300711308/Final Project/scss _rotated-flipped.scss
2015.08.15 00:00 B F:\Post-Secondary School\Centennial College\Summer 2015\COMP 213\FP_PhilipLaxamana300711308\Final Project\scss\_stacked.scss --> studentweb.cencol.ca /plaxaman/FP_PhilipLaxamana300711308/Final Project/scss _stacked.scss
2015.08.15 00:00 B F:\Post-Secondary School\Centennial College\Summer 2015\COMP 213\FP_PhilipLaxamana300711308\Final Project\scss\_variables.scss --> studentweb.cencol.ca /plaxaman/FP_PhilipLaxamana300711308/Final Project/scss _variables.scss
2015.08.15 00:00 B F:\Post-Secondary School\Centennial College\Summer 2015\COMP 213\FP_PhilipLaxamana300711308\Final Project\scss\font-awesome.scss --> studentweb.cencol.ca /plaxaman/FP_PhilipLaxamana300711308/Final Project/scss font-awesome.scss
2015.08.15 00:00 B F:\Post-Secondary School\Centennial College\Summer 2015\COMP 213\FP_PhilipLaxamana300711308\Final Project\scss\WS_FTP.LOG --> studentweb.cencol.ca /plaxaman/FP_PhilipLaxamana300711308/Final Project/scss WS_FTP.LOG
