2015.08.14 21:25 B F:\Post-Secondary School\Centennial College\Summer 2015\COMP 213\FP_PhilipLaxamana300711308\Final Project\blueberry.css --> studentweb.cencol.ca /plaxaman/Final Project blueberry.css
2015.08.14 21:25 B F:\Post-Secondary School\Centennial College\Summer 2015\COMP 213\FP_PhilipLaxamana300711308\Final Project\Final Project.csproj --> studentweb.cencol.ca /plaxaman/Final Project Final Project.csproj
2015.08.14 21:25 B F:\Post-Secondary School\Centennial College\Summer 2015\COMP 213\FP_PhilipLaxamana300711308\Final Project\Final Project.csproj.user --> studentweb.cencol.ca /plaxaman/Final Project Final Project.csproj.user
2015.08.14 21:25 B F:\Post-Secondary School\Centennial College\Summer 2015\COMP 213\FP_PhilipLaxamana300711308\Final Project\index.html --> studentweb.cencol.ca /plaxaman/Final Project index.html
2015.08.14 21:25 B F:\Post-Secondary School\Centennial College\Summer 2015\COMP 213\FP_PhilipLaxamana300711308\Final Project\jquery.blueberry.js --> studentweb.cencol.ca /plaxaman/Final Project jquery.blueberry.js
2015.08.14 21:25 B F:\Post-Secondary School\Centennial College\Summer 2015\COMP 213\FP_PhilipLaxamana300711308\Final Project\property.html --> studentweb.cencol.ca /plaxaman/Final Project property.html
2015.08.14 21:25 B F:\Post-Secondary School\Centennial College\Summer 2015\COMP 213\FP_PhilipLaxamana300711308\Final Project\real_ES.jpg --> studentweb.cencol.ca /plaxaman/Final Project real_ES.jpg
2015.08.14 21:25 B F:\Post-Secondary School\Centennial College\Summer 2015\COMP 213\FP_PhilipLaxamana300711308\Final Project\realestate.css --> studentweb.cencol.ca /plaxaman/Final Project realestate.css
2015.08.14 21:25 B F:\Post-Secondary School\Centennial College\Summer 2015\COMP 213\FP_PhilipLaxamana300711308\Final Project\reset.css --> studentweb.cencol.ca /plaxaman/Final Project reset.css
2015.08.14 21:25 B F:\Post-Secondary School\Centennial College\Summer 2015\COMP 213\FP_PhilipLaxamana300711308\Final Project\rsz_real_es.gif --> studentweb.cencol.ca /plaxaman/Final Project rsz_real_es.gif
2015.08.14 21:25 B F:\Post-Secondary School\Centennial College\Summer 2015\COMP 213\FP_PhilipLaxamana300711308\Final Project\Web.config --> studentweb.cencol.ca /plaxaman/Final Project Web.config
2015.08.14 21:25 B F:\Post-Secondary School\Centennial College\Summer 2015\COMP 213\FP_PhilipLaxamana300711308\Final Project\Web.Debug.config --> studentweb.cencol.ca /plaxaman/Final Project Web.Debug.config
2015.08.14 21:25 B F:\Post-Secondary School\Centennial College\Summer 2015\COMP 213\FP_PhilipLaxamana300711308\Final Project\Web.Release.config --> studentweb.cencol.ca /plaxaman/Final Project Web.Release.config
2015.08.15 00:00 B F:\Post-Secondary School\Centennial College\Summer 2015\COMP 213\FP_PhilipLaxamana300711308\Final Project\blueberry.css --> studentweb.cencol.ca /plaxaman/FP_PhilipLaxamana300711308/Final Project blueberry.css
2015.08.15 00:00 B F:\Post-Secondary School\Centennial College\Summer 2015\COMP 213\FP_PhilipLaxamana300711308\Final Project\contact.html --> studentweb.cencol.ca /plaxaman/FP_PhilipLaxamana300711308/Final Project contact.html
2015.08.15 00:00 B F:\Post-Secondary School\Centennial College\Summer 2015\COMP 213\FP_PhilipLaxamana300711308\Final Project\Final Project.csproj --> studentweb.cencol.ca /plaxaman/FP_PhilipLaxamana300711308/Final Project Final Project.csproj
2015.08.15 00:00 B F:\Post-Secondary School\Centennial College\Summer 2015\COMP 213\FP_PhilipLaxamana300711308\Final Project\Final Project.csproj.user --> studentweb.cencol.ca /plaxaman/FP_PhilipLaxamana300711308/Final Project Final Project.csproj.user
2015.08.15 00:00 B F:\Post-Secondary School\Centennial College\Summer 2015\COMP 213\FP_PhilipLaxamana300711308\Final Project\index.html --> studentweb.cencol.ca /plaxaman/FP_PhilipLaxamana300711308/Final Project index.html
2015.08.15 00:00 B F:\Post-Secondary School\Centennial College\Summer 2015\COMP 213\FP_PhilipLaxamana300711308\Final Project\jquery.blueberry.js --> studentweb.cencol.ca /plaxaman/FP_PhilipLaxamana300711308/Final Project jquery.blueberry.js
2015.08.15 00:00 B F:\Post-Secondary School\Centennial College\Summer 2015\COMP 213\FP_PhilipLaxamana300711308\Final Project\property.html --> studentweb.cencol.ca /plaxaman/FP_PhilipLaxamana300711308/Final Project property.html
2015.08.15 00:00 B F:\Post-Secondary School\Centennial College\Summer 2015\COMP 213\FP_PhilipLaxamana300711308\Final Project\real_ES.jpg --> studentweb.cencol.ca /plaxaman/FP_PhilipLaxamana300711308/Final Project real_ES.jpg
2015.08.15 00:00 B F:\Post-Secondary School\Centennial College\Summer 2015\COMP 213\FP_PhilipLaxamana300711308\Final Project\realestate.css --> studentweb.cencol.ca /plaxaman/FP_PhilipLaxamana300711308/Final Project realestate.css
2015.08.15 00:00 B F:\Post-Secondary School\Centennial College\Summer 2015\COMP 213\FP_PhilipLaxamana300711308\Final Project\reset.css --> studentweb.cencol.ca /plaxaman/FP_PhilipLaxamana300711308/Final Project reset.css
2015.08.15 00:00 B F:\Post-Secondary School\Centennial College\Summer 2015\COMP 213\FP_PhilipLaxamana300711308\Final Project\rsz_real_es.gif --> studentweb.cencol.ca /plaxaman/FP_PhilipLaxamana300711308/Final Project rsz_real_es.gif
2015.08.15 00:00 B F:\Post-Secondary School\Centennial College\Summer 2015\COMP 213\FP_PhilipLaxamana300711308\Final Project\Web.config --> studentweb.cencol.ca /plaxaman/FP_PhilipLaxamana300711308/Final Project Web.config
2015.08.15 00:00 B F:\Post-Secondary School\Centennial College\Summer 2015\COMP 213\FP_PhilipLaxamana300711308\Final Project\Web.Debug.config --> studentweb.cencol.ca /plaxaman/FP_PhilipLaxamana300711308/Final Project Web.Debug.config
2015.08.15 00:00 B F:\Post-Secondary School\Centennial College\Summer 2015\COMP 213\FP_PhilipLaxamana300711308\Final Project\Web.Release.config --> studentweb.cencol.ca /plaxaman/FP_PhilipLaxamana300711308/Final Project Web.Release.config
2015.08.15 00:00 B F:\Post-Secondary School\Centennial College\Summer 2015\COMP 213\FP_PhilipLaxamana300711308\Final Project\WS_FTP.LOG --> studentweb.cencol.ca /plaxaman/FP_PhilipLaxamana300711308/Final Project WS_FTP.LOG
2015.08.15 00:26 B F:\Post-Secondary School\Centennial College\Summer 2015\COMP 213\FP_PhilipLaxamana300711308\Final Project\contact.html --> studentweb.cencol.ca /plaxaman/FP_PhilipLaxamana300711308/Final Project contact.html
2015.08.15 00:26 B F:\Post-Secondary School\Centennial College\Summer 2015\COMP 213\FP_PhilipLaxamana300711308\Final Project\index.html --> studentweb.cencol.ca /plaxaman/FP_PhilipLaxamana300711308/Final Project index.html
2015.08.15 18:07 B I:\Post-Secondary School\Centennial College\Summer 2015\COMP 213\FP_PhilipLaxamana300711308\Final Project\Chinatown.html --> studentweb.cencol.ca /plaxaman/FP_PhilipLaxamana300711308/Final Project Chinatown.html
2015.08.15 18:07 B I:\Post-Secondary School\Centennial College\Summer 2015\COMP 213\FP_PhilipLaxamana300711308\Final Project\contact.html --> studentweb.cencol.ca /plaxaman/FP_PhilipLaxamana300711308/Final Project contact.html
2015.08.15 18:07 B I:\Post-Secondary School\Centennial College\Summer 2015\COMP 213\FP_PhilipLaxamana300711308\Final Project\Downtown-west.html --> studentweb.cencol.ca /plaxaman/FP_PhilipLaxamana300711308/Final Project Downtown-west.html
2015.08.15 18:07 B I:\Post-Secondary School\Centennial College\Summer 2015\COMP 213\FP_PhilipLaxamana300711308\Final Project\Final Project.csproj --> studentweb.cencol.ca /plaxaman/FP_PhilipLaxamana300711308/Final Project Final Project.csproj
2015.08.15 18:07 B I:\Post-Secondary School\Centennial College\Summer 2015\COMP 213\FP_PhilipLaxamana300711308\Final Project\Final Project.csproj.user --> studentweb.cencol.ca /plaxaman/FP_PhilipLaxamana300711308/Final Project Final Project.csproj.user
2015.08.15 18:07 B I:\Post-Secondary School\Centennial College\Summer 2015\COMP 213\FP_PhilipLaxamana300711308\Final Project\index.html --> studentweb.cencol.ca /plaxaman/FP_PhilipLaxamana300711308/Final Project index.html
2015.08.15 18:07 B I:\Post-Secondary School\Centennial College\Summer 2015\COMP 213\FP_PhilipLaxamana300711308\Final Project\property.html --> studentweb.cencol.ca /plaxaman/FP_PhilipLaxamana300711308/Final Project property.html
2015.08.15 18:07 B I:\Post-Secondary School\Centennial College\Summer 2015\COMP 213\FP_PhilipLaxamana300711308\Final Project\realestate.css --> studentweb.cencol.ca /plaxaman/FP_PhilipLaxamana300711308/Final Project realestate.css
2015.08.15 18:07 B I:\Post-Secondary School\Centennial College\Summer 2015\COMP 213\FP_PhilipLaxamana300711308\Final Project\switchboard.html --> studentweb.cencol.ca /plaxaman/FP_PhilipLaxamana300711308/Final Project switchboard.html
2015.08.15 18:07 B I:\Post-Secondary School\Centennial College\Summer 2015\COMP 213\FP_PhilipLaxamana300711308\Final Project\switchboard_css.css --> studentweb.cencol.ca /plaxaman/FP_PhilipLaxamana300711308/Final Project switchboard_css.css
2015.08.15 18:07 B I:\Post-Secondary School\Centennial College\Summer 2015\COMP 213\FP_PhilipLaxamana300711308\Final Project\Waterfront.html --> studentweb.cencol.ca /plaxaman/FP_PhilipLaxamana300711308/Final Project Waterfront.html
2015.08.15 18:07 B I:\Post-Secondary School\Centennial College\Summer 2015\COMP 213\FP_PhilipLaxamana300711308\Final Project\Yonge-dundas.html --> studentweb.cencol.ca /plaxaman/FP_PhilipLaxamana300711308/Final Project Yonge-dundas.html
2015.08.15 18:07 B I:\Post-Secondary School\Centennial College\Summer 2015\COMP 213\FP_PhilipLaxamana300711308\Final Project\Yonge-eglinton.html --> studentweb.cencol.ca /plaxaman/FP_PhilipLaxamana300711308/Final Project Yonge-eglinton.html
2015.08.15 23:55 B I:\Post-Secondary School\Centennial College\Summer 2015\COMP 213\FP_PhilipLaxamana300711308\Final Project\Chinatown.html --> studentweb.cencol.ca /plaxaman/FP_PhilipLaxamana300711308/Final Project Chinatown.html
2015.08.15 23:55 B I:\Post-Secondary School\Centennial College\Summer 2015\COMP 213\FP_PhilipLaxamana300711308\Final Project\contact.html --> studentweb.cencol.ca /plaxaman/FP_PhilipLaxamana300711308/Final Project contact.html
2015.08.15 23:55 B I:\Post-Secondary School\Centennial College\Summer 2015\COMP 213\FP_PhilipLaxamana300711308\Final Project\Downtown-west.html --> studentweb.cencol.ca /plaxaman/FP_PhilipLaxamana300711308/Final Project Downtown-west.html
2015.08.15 23:55 B I:\Post-Secondary School\Centennial College\Summer 2015\COMP 213\FP_PhilipLaxamana300711308\Final Project\Final Project.csproj --> studentweb.cencol.ca /plaxaman/FP_PhilipLaxamana300711308/Final Project Final Project.csproj
2015.08.15 23:55 B I:\Post-Secondary School\Centennial College\Summer 2015\COMP 213\FP_PhilipLaxamana300711308\Final Project\Final Project.csproj.user --> studentweb.cencol.ca /plaxaman/FP_PhilipLaxamana300711308/Final Project Final Project.csproj.user
2015.08.15 23:55 B I:\Post-Secondary School\Centennial College\Summer 2015\COMP 213\FP_PhilipLaxamana300711308\Final Project\index.html --> studentweb.cencol.ca /plaxaman/FP_PhilipLaxamana300711308/Final Project index.html
2015.08.15 23:55 B I:\Post-Secondary School\Centennial College\Summer 2015\COMP 213\FP_PhilipLaxamana300711308\Final Project\property.html --> studentweb.cencol.ca /plaxaman/FP_PhilipLaxamana300711308/Final Project property.html
2015.08.15 23:55 B I:\Post-Secondary School\Centennial College\Summer 2015\COMP 213\FP_PhilipLaxamana300711308\Final Project\realestate.css --> studentweb.cencol.ca /plaxaman/FP_PhilipLaxamana300711308/Final Project realestate.css
2015.08.15 23:55 B I:\Post-Secondary School\Centennial College\Summer 2015\COMP 213\FP_PhilipLaxamana300711308\Final Project\sitemap.jpg --> studentweb.cencol.ca /plaxaman/FP_PhilipLaxamana300711308/Final Project sitemap.jpg
2015.08.15 23:55 B I:\Post-Secondary School\Centennial College\Summer 2015\COMP 213\FP_PhilipLaxamana300711308\Final Project\sitemap_credits.html --> studentweb.cencol.ca /plaxaman/FP_PhilipLaxamana300711308/Final Project sitemap_credits.html
2015.08.15 23:55 B I:\Post-Secondary School\Centennial College\Summer 2015\COMP 213\FP_PhilipLaxamana300711308\Final Project\switchboard.html --> studentweb.cencol.ca /plaxaman/FP_PhilipLaxamana300711308/Final Project switchboard.html
2015.08.15 23:55 B I:\Post-Secondary School\Centennial College\Summer 2015\COMP 213\FP_PhilipLaxamana300711308\Final Project\Waterfront.html --> studentweb.cencol.ca /plaxaman/FP_PhilipLaxamana300711308/Final Project Waterfront.html
2015.08.15 23:55 B I:\Post-Secondary School\Centennial College\Summer 2015\COMP 213\FP_PhilipLaxamana300711308\Final Project\WS_FTP.LOG --> studentweb.cencol.ca /plaxaman/FP_PhilipLaxamana300711308/Final Project WS_FTP.LOG
2015.08.15 23:55 B I:\Post-Secondary School\Centennial College\Summer 2015\COMP 213\FP_PhilipLaxamana300711308\Final Project\Yonge-dundas.html --> studentweb.cencol.ca /plaxaman/FP_PhilipLaxamana300711308/Final Project Yonge-dundas.html
2015.08.15 23:55 B I:\Post-Secondary School\Centennial College\Summer 2015\COMP 213\FP_PhilipLaxamana300711308\Final Project\Yonge-eglinton.html --> studentweb.cencol.ca /plaxaman/FP_PhilipLaxamana300711308/Final Project Yonge-eglinton.html
