2015.08.14 21:25 B F:\Post-Secondary School\Centennial College\Summer 2015\COMP 213\FP_PhilipLaxamana300711308\Final Project\Property_Listing\property1.txt --> studentweb.cencol.ca /plaxaman/Final Project/Property_Listing property1.txt
2015.08.14 21:25 B F:\Post-Secondary School\Centennial College\Summer 2015\COMP 213\FP_PhilipLaxamana300711308\Final Project\Property_Listing\property2.txt --> studentweb.cencol.ca /plaxaman/Final Project/Property_Listing property2.txt
2015.08.14 21:25 B F:\Post-Secondary School\Centennial College\Summer 2015\COMP 213\FP_PhilipLaxamana300711308\Final Project\Property_Listing\property3.txt --> studentweb.cencol.ca /plaxaman/Final Project/Property_Listing property3.txt
2015.08.14 21:25 B F:\Post-Secondary School\Centennial College\Summer 2015\COMP 213\FP_PhilipLaxamana300711308\Final Project\Property_Listing\property4.txt --> studentweb.cencol.ca /plaxaman/Final Project/Property_Listing property4.txt
2015.08.14 21:25 B F:\Post-Secondary School\Centennial College\Summer 2015\COMP 213\FP_PhilipLaxamana300711308\Final Project\Property_Listing\property5.txt --> studentweb.cencol.ca /plaxaman/Final Project/Property_Listing property5.txt
2015.08.14 21:25 B F:\Post-Secondary School\Centennial College\Summer 2015\COMP 213\FP_PhilipLaxamana300711308\Final Project\Property_Listing\property_1.1.jpg --> studentweb.cencol.ca /plaxaman/Final Project/Property_Listing property_1.1.jpg
2015.08.14 21:25 B F:\Post-Secondary School\Centennial College\Summer 2015\COMP 213\FP_PhilipLaxamana300711308\Final Project\Property_Listing\property_1.2.jpg --> studentweb.cencol.ca /plaxaman/Final Project/Property_Listing property_1.2.jpg
2015.08.14 21:25 B F:\Post-Secondary School\Centennial College\Summer 2015\COMP 213\FP_PhilipLaxamana300711308\Final Project\Property_Listing\property_1.3.jpg --> studentweb.cencol.ca /plaxaman/Final Project/Property_Listing property_1.3.jpg
2015.08.14 21:25 B F:\Post-Secondary School\Centennial College\Summer 2015\COMP 213\FP_PhilipLaxamana300711308\Final Project\Property_Listing\property_1.jpg --> studentweb.cencol.ca /plaxaman/Final Project/Property_Listing property_1.jpg
2015.08.14 21:25 B F:\Post-Secondary School\Centennial College\Summer 2015\COMP 213\FP_PhilipLaxamana300711308\Final Project\Property_Listing\property_2.jpg --> studentweb.cencol.ca /plaxaman/Final Project/Property_Listing property_2.jpg
2015.08.14 21:25 B F:\Post-Secondary School\Centennial College\Summer 2015\COMP 213\FP_PhilipLaxamana300711308\Final Project\Property_Listing\property_3.jpg --> studentweb.cencol.ca /plaxaman/Final Project/Property_Listing property_3.jpg
2015.08.14 21:25 B F:\Post-Secondary School\Centennial College\Summer 2015\COMP 213\FP_PhilipLaxamana300711308\Final Project\Property_Listing\property_4.jpg --> studentweb.cencol.ca /plaxaman/Final Project/Property_Listing property_4.jpg
2015.08.14 21:25 B F:\Post-Secondary School\Centennial College\Summer 2015\COMP 213\FP_PhilipLaxamana300711308\Final Project\Property_Listing\property_5.jpg --> studentweb.cencol.ca /plaxaman/Final Project/Property_Listing property_5.jpg
2015.08.14 23:59 B F:\Post-Secondary School\Centennial College\Summer 2015\COMP 213\FP_PhilipLaxamana300711308\Final Project\Property_Listing\property1.txt --> studentweb.cencol.ca /plaxaman/FP_PhilipLaxamana300711308/Final Project/Property_Listing property1.txt
2015.08.15 00:00 B F:\Post-Secondary School\Centennial College\Summer 2015\COMP 213\FP_PhilipLaxamana300711308\Final Project\Property_Listing\property2.txt --> studentweb.cencol.ca /plaxaman/FP_PhilipLaxamana300711308/Final Project/Property_Listing property2.txt
2015.08.15 00:00 B F:\Post-Secondary School\Centennial College\Summer 2015\COMP 213\FP_PhilipLaxamana300711308\Final Project\Property_Listing\property3.txt --> studentweb.cencol.ca /plaxaman/FP_PhilipLaxamana300711308/Final Project/Property_Listing property3.txt
2015.08.15 00:00 B F:\Post-Secondary School\Centennial College\Summer 2015\COMP 213\FP_PhilipLaxamana300711308\Final Project\Property_Listing\property4.txt --> studentweb.cencol.ca /plaxaman/FP_PhilipLaxamana300711308/Final Project/Property_Listing property4.txt
2015.08.15 00:00 B F:\Post-Secondary School\Centennial College\Summer 2015\COMP 213\FP_PhilipLaxamana300711308\Final Project\Property_Listing\property5.txt --> studentweb.cencol.ca /plaxaman/FP_PhilipLaxamana300711308/Final Project/Property_Listing property5.txt
2015.08.15 00:00 B F:\Post-Secondary School\Centennial College\Summer 2015\COMP 213\FP_PhilipLaxamana300711308\Final Project\Property_Listing\property_1.1.jpg --> studentweb.cencol.ca /plaxaman/FP_PhilipLaxamana300711308/Final Project/Property_Listing property_1.1.jpg
2015.08.15 00:00 B F:\Post-Secondary School\Centennial College\Summer 2015\COMP 213\FP_PhilipLaxamana300711308\Final Project\Property_Listing\property_1.2.jpg --> studentweb.cencol.ca /plaxaman/FP_PhilipLaxamana300711308/Final Project/Property_Listing property_1.2.jpg
2015.08.15 00:00 B F:\Post-Secondary School\Centennial College\Summer 2015\COMP 213\FP_PhilipLaxamana300711308\Final Project\Property_Listing\property_1.3.jpg --> studentweb.cencol.ca /plaxaman/FP_PhilipLaxamana300711308/Final Project/Property_Listing property_1.3.jpg
2015.08.15 00:00 B F:\Post-Secondary School\Centennial College\Summer 2015\COMP 213\FP_PhilipLaxamana300711308\Final Project\Property_Listing\property_1.jpg --> studentweb.cencol.ca /plaxaman/FP_PhilipLaxamana300711308/Final Project/Property_Listing property_1.jpg
2015.08.15 00:00 B F:\Post-Secondary School\Centennial College\Summer 2015\COMP 213\FP_PhilipLaxamana300711308\Final Project\Property_Listing\property_2.jpg --> studentweb.cencol.ca /plaxaman/FP_PhilipLaxamana300711308/Final Project/Property_Listing property_2.jpg
2015.08.15 00:00 B F:\Post-Secondary School\Centennial College\Summer 2015\COMP 213\FP_PhilipLaxamana300711308\Final Project\Property_Listing\property_3.jpg --> studentweb.cencol.ca /plaxaman/FP_PhilipLaxamana300711308/Final Project/Property_Listing property_3.jpg
2015.08.15 00:00 B F:\Post-Secondary School\Centennial College\Summer 2015\COMP 213\FP_PhilipLaxamana300711308\Final Project\Property_Listing\property_4.jpg --> studentweb.cencol.ca /plaxaman/FP_PhilipLaxamana300711308/Final Project/Property_Listing property_4.jpg
2015.08.15 00:00 B F:\Post-Secondary School\Centennial College\Summer 2015\COMP 213\FP_PhilipLaxamana300711308\Final Project\Property_Listing\property_5.jpg --> studentweb.cencol.ca /plaxaman/FP_PhilipLaxamana300711308/Final Project/Property_Listing property_5.jpg
2015.08.15 00:00 B F:\Post-Secondary School\Centennial College\Summer 2015\COMP 213\FP_PhilipLaxamana300711308\Final Project\Property_Listing\WS_FTP.LOG --> studentweb.cencol.ca /plaxaman/FP_PhilipLaxamana300711308/Final Project/Property_Listing WS_FTP.LOG
